<?xml version="1.0" encoding="UTF-8"?>
<!-- Generated by org.testng.reporters.JUnitReportReporter -->
<testsuite hostname="DESKTOP-GFL6RHU" failures="0" tests="3" name="com.testing.EcommerceWebApplication" time="126.686" errors="0" timestamp="2022-10-12T15:22:47 IST" skipped="0">
  <testcase classname="com.testing.EcommerceWebApplication" name="home" time="121.175"/>
  <testcase classname="com.testing.EcommerceWebApplication" name="search" time="5.057"/>
  <testcase classname="com.testing.EcommerceWebApplication" name="pageHeight" time="0.454"/>
</testsuite> <!-- com.testing.EcommerceWebApplication -->
